E1106 19:54:03.087099    1640 tiny_storage.cc:132] the file is missing the header.
E1106 19:54:03.087148    1640 registry.cc:73] cannot open registry
I1106 20:36:03.048341   83342 user_history_predictor.cc:265] 2 old entries were removed before save
I1106 21:06:03.118424  354212 user_history_predictor.cc:265] 1 old entries were removed before save
W1106 21:14:29.181438    1644 session_usage_observer.cc:520] unknown session
W1106 21:14:29.181521    1644 session_usage_observer.cc:520] unknown session
W1106 21:14:29.341316    1644 session_usage_observer.cc:520] unknown session
W1106 21:14:29.341406    1644 session_usage_observer.cc:520] unknown session
W1106 21:15:02.318003    1644 session_usage_observer.cc:520] unknown session
W1106 21:15:02.318308    1644 session_usage_observer.cc:520] unknown session
W1106 21:15:10.582809    1644 session_usage_observer.cc:520] unknown session
W1106 21:15:10.583184    1644 session_usage_observer.cc:520] unknown session
W1106 21:16:33.047680    1644 session_usage_observer.cc:520] unknown session
W1106 21:16:33.057867    1644 session_usage_observer.cc:520] unknown session
W1106 21:16:33.071204    1644 session_usage_observer.cc:520] unknown session
W1106 21:16:33.072786    1644 session_usage_observer.cc:520] unknown session
W1106 21:17:23.948818    1644 session_handler.cc:450] SessionID 16141344468900003857 is not available
I1106 21:17:32.484125  504089 user_history_predictor.cc:265] 5 old entries were removed before save
W1106 21:18:51.832191    1644 session_usage_observer.cc:520] unknown session
W1106 21:18:51.832284    1644 session_usage_observer.cc:520] unknown session
W1106 21:18:51.832961    1644 session_usage_observer.cc:520] unknown session
W1106 21:18:51.833004    1644 session_usage_observer.cc:520] unknown session
W1106 21:18:52.022287    1644 session_usage_observer.cc:520] unknown session
W1106 21:18:52.022351    1644 session_usage_observer.cc:520] unknown session
W1106 21:18:52.584986    1644 session_usage_observer.cc:520] unknown session
W1106 21:18:52.585068    1644 session_usage_observer.cc:520] unknown session
W1106 21:18:58.716722    1644 session_usage_observer.cc:520] unknown session
W1106 21:18:58.716900    1644 session_usage_observer.cc:520] unknown session
W1106 21:18:58.719373    1644 session_usage_observer.cc:520] unknown session
W1106 21:18:59.781917    1644 session_usage_observer.cc:520] unknown session
W1106 21:19:11.734474    1644 session_usage_observer.cc:520] unknown session
W1106 21:19:11.734519    1644 session_usage_observer.cc:520] unknown session
W1106 21:19:11.734964    1644 session_usage_observer.cc:520] unknown session
W1106 21:19:11.735006    1644 session_usage_observer.cc:520] unknown session
W1106 21:19:11.925961    1644 session_usage_observer.cc:520] unknown session
W1106 21:19:11.926034    1644 session_usage_observer.cc:520] unknown session
W1106 21:19:12.251779    1644 session_usage_observer.cc:520] unknown session
W1106 21:19:12.252209    1644 session_usage_observer.cc:520] unknown session
W1106 21:19:31.017295    1644 session_usage_observer.cc:520] unknown session
W1106 21:19:31.017374    1644 session_usage_observer.cc:520] unknown session
W1106 21:19:33.326773    1644 session_usage_observer.cc:520] unknown session
W1106 21:19:48.003398    1644 session_usage_observer.cc:520] unknown session
W1106 21:19:48.003528    1644 session_usage_observer.cc:520] unknown session
W1106 21:19:49.831038    1644 session_usage_observer.cc:520] unknown session
W1106 21:20:11.016629    1644 session_usage_observer.cc:520] unknown session
W1106 21:20:11.016923    1644 session_usage_observer.cc:520] unknown session
W1106 21:20:12.421091    1644 session_usage_observer.cc:520] unknown session
W1106 21:20:23.858357    1644 session_usage_observer.cc:520] unknown session
W1106 21:20:23.858743    1644 session_usage_observer.cc:520] unknown session
W1106 21:20:25.787811    1644 session_usage_observer.cc:520] unknown session
W1106 21:20:36.909920    1644 session_usage_observer.cc:520] unknown session
W1106 21:20:36.929904    1644 session_usage_observer.cc:520] unknown session
W1106 21:20:36.930063    1644 session_usage_observer.cc:520] unknown session
W1106 21:20:36.932817    1644 session_usage_observer.cc:520] unknown session
W1106 21:22:07.652104    1644 session_usage_observer.cc:520] unknown session
W1106 21:22:07.652165    1644 session_usage_observer.cc:520] unknown session
W1106 21:22:07.652769    1644 session_usage_observer.cc:520] unknown session
W1106 21:22:07.652827    1644 session_usage_observer.cc:520] unknown session
W1106 21:22:07.851402    1644 session_usage_observer.cc:520] unknown session
W1106 21:22:07.851507    1644 session_usage_observer.cc:520] unknown session
I1106 21:24:03.141276  522325 user_history_predictor.cc:265] 2 old entries were removed before save
W1106 21:24:46.156733    1644 session_usage_observer.cc:520] unknown session
W1106 21:24:46.156930    1644 session_usage_observer.cc:520] unknown session
W1106 21:24:46.159795    1644 session_usage_observer.cc:520] unknown session
W1106 21:24:47.050095    1644 session_handler.cc:698] cannot find SessionID 6466321130166582134
W1106 21:28:29.992313    1644 session_handler.cc:698] cannot find SessionID 10267162455390393592
W1106 21:43:53.593414    1644 session_handler.cc:579] server went to suspend mode for 7m50.449408404s
I1106 21:52:53.600761  751621 user_history_predictor.cc:265] 2 old entries were removed before save
W1106 22:47:05.329845    1644 session_usage_observer.cc:520] unknown session
W1106 22:47:05.329945    1644 session_usage_observer.cc:520] unknown session
W1106 22:47:05.330630    1644 session_usage_observer.cc:520] unknown session
W1106 22:47:05.330699    1644 session_usage_observer.cc:520] unknown session
W1106 22:47:05.331428    1644 session_usage_observer.cc:520] unknown session
W1106 22:47:05.331516    1644 session_usage_observer.cc:520] unknown session
W1106 22:47:05.332422    1644 session_usage_observer.cc:520] unknown session
W1106 22:47:05.332477    1644 session_usage_observer.cc:520] unknown session
W1106 22:47:05.333341    1644 session_usage_observer.cc:520] unknown session
W1106 22:47:05.333414    1644 session_usage_observer.cc:520] unknown session
W1106 22:47:05.334239    1644 session_usage_observer.cc:520] unknown session
W1106 22:47:05.334332    1644 session_usage_observer.cc:520] unknown session
W1106 22:47:05.588931    1644 session_usage_observer.cc:520] unknown session
W1106 22:47:05.589022    1644 session_usage_observer.cc:520] unknown session
W1106 22:47:24.709906    1644 session_handler.cc:698] cannot find SessionID 13907762113950347841
W1106 22:47:26.042971    1644 session_usage_observer.cc:520] unknown session
W1106 22:47:26.046635    1644 session_usage_observer.cc:520] unknown session
W1106 22:47:26.047201    1644 session_usage_observer.cc:520] unknown session
W1106 22:47:26.047806    1644 session_usage_observer.cc:520] unknown session
W1106 22:47:26.124533    1644 session_usage_observer.cc:520] unknown session
W1106 22:47:26.126732    1644 session_usage_observer.cc:520] unknown session
W1106 22:47:26.130484    1644 session_usage_observer.cc:520] unknown session
W1106 22:48:32.173725    1644 session_usage_observer.cc:520] unknown session
W1106 22:48:32.173782    1644 session_usage_observer.cc:520] unknown session
W1106 22:48:32.215281    1644 session_usage_observer.cc:520] unknown session
W1106 22:48:32.215382    1644 session_usage_observer.cc:520] unknown session
W1106 22:49:05.140547    1644 session_usage_observer.cc:520] unknown session
W1106 22:49:05.143773    1644 session_usage_observer.cc:520] unknown session
W1106 22:51:34.138849    1644 session_usage_observer.cc:520] unknown session
W1106 22:51:34.138895    1644 session_usage_observer.cc:520] unknown session
W1106 22:51:34.139272    1644 session_usage_observer.cc:520] unknown session
W1106 22:51:34.139306    1644 session_usage_observer.cc:520] unknown session
W1106 22:51:34.179539    1644 session_usage_observer.cc:520] unknown session
W1106 22:51:34.179609    1644 session_usage_observer.cc:520] unknown session
W1106 22:51:45.529909    1644 session_usage_observer.cc:520] unknown session
W1106 22:51:45.532691    1644 session_usage_observer.cc:520] unknown session
W1106 22:51:45.536755    1644 session_usage_observer.cc:520] unknown session
W1106 22:52:32.712253    1644 session_handler.cc:698] cannot find SessionID 12769505661007940515
W1106 22:52:32.733232    1644 session_handler.cc:698] cannot find SessionID 2531032311813236412
W1106 22:53:15.514272    1644 session_handler.cc:450] SessionID 3983672942139377969 is not available
W1106 22:59:48.120115    1644 session_usage_observer.cc:520] unknown session
W1106 22:59:48.120161    1644 session_usage_observer.cc:520] unknown session
W1106 22:59:48.120617    1644 session_usage_observer.cc:520] unknown session
W1106 22:59:48.120663    1644 session_usage_observer.cc:520] unknown session
W1106 22:59:48.121159    1644 session_usage_observer.cc:520] unknown session
W1106 22:59:48.121210    1644 session_usage_observer.cc:520] unknown session
W1106 22:59:48.121731    1644 session_usage_observer.cc:520] unknown session
W1106 22:59:48.121779    1644 session_usage_observer.cc:520] unknown session
W1106 22:59:48.122280    1644 session_usage_observer.cc:520] unknown session
W1106 22:59:48.122326    1644 session_usage_observer.cc:520] unknown session
W1106 22:59:48.123017    1644 session_usage_observer.cc:520] unknown session
W1106 22:59:48.123070    1644 session_usage_observer.cc:520] unknown session
W1106 22:59:48.123646    1644 session_usage_observer.cc:520] unknown session
W1106 22:59:48.123695    1644 session_usage_observer.cc:520] unknown session
W1106 22:59:48.124280    1644 session_usage_observer.cc:520] unknown session
W1106 22:59:48.124327    1644 session_usage_observer.cc:520] unknown session
W1106 22:59:48.124971    1644 session_usage_observer.cc:520] unknown session
W1106 22:59:48.125019    1644 session_usage_observer.cc:520] unknown session
W1106 22:59:48.125770    1644 session_usage_observer.cc:520] unknown session
W1106 22:59:48.125826    1644 session_usage_observer.cc:520] unknown session
W1106 22:59:48.126523    1644 session_usage_observer.cc:520] unknown session
W1106 22:59:48.126591    1644 session_usage_observer.cc:520] unknown session
W1106 22:59:48.127287    1644 session_usage_observer.cc:520] unknown session
W1106 22:59:48.127346    1644 session_usage_observer.cc:520] unknown session
W1106 22:59:48.128120    1644 session_usage_observer.cc:520] unknown session
W1106 22:59:48.128181    1644 session_usage_observer.cc:520] unknown session
W1106 22:59:48.128978    1644 session_usage_observer.cc:520] unknown session
W1106 22:59:48.129031    1644 session_usage_observer.cc:520] unknown session
W1106 22:59:48.129702    1644 session_usage_observer.cc:520] unknown session
W1106 22:59:48.129751    1644 session_usage_observer.cc:520] unknown session
W1106 22:59:48.130400    1644 session_usage_observer.cc:520] unknown session
W1106 22:59:48.130453    1644 session_usage_observer.cc:520] unknown session
W1106 22:59:48.131149    1644 session_usage_observer.cc:520] unknown session
W1106 22:59:48.131204    1644 session_usage_observer.cc:520] unknown session
W1106 22:59:48.131935    1644 session_usage_observer.cc:520] unknown session
W1106 22:59:48.131990    1644 session_usage_observer.cc:520] unknown session
W1106 22:59:48.132800    1644 session_usage_observer.cc:520] unknown session
W1106 22:59:48.132862    1644 session_usage_observer.cc:520] unknown session
W1106 22:59:48.133683    1644 session_usage_observer.cc:520] unknown session
W1106 22:59:48.133735    1644 session_usage_observer.cc:520] unknown session
W1106 22:59:48.134610    1644 session_usage_observer.cc:520] unknown session
W1106 22:59:48.134683    1644 session_usage_observer.cc:520] unknown session
W1106 22:59:48.135355    1644 session_usage_observer.cc:520] unknown session
W1106 22:59:48.135401    1644 session_usage_observer.cc:520] unknown session
W1106 22:59:48.136432    1644 session_usage_observer.cc:520] unknown session
W1106 22:59:48.136488    1644 session_usage_observer.cc:520] unknown session
W1106 22:59:48.137244    1644 session_usage_observer.cc:520] unknown session
W1106 22:59:48.137308    1644 session_usage_observer.cc:520] unknown session
W1106 22:59:48.138023    1644 session_usage_observer.cc:520] unknown session
W1106 22:59:48.138067    1644 session_usage_observer.cc:520] unknown session
W1106 22:59:48.138644    1644 session_usage_observer.cc:520] unknown session
W1106 22:59:48.138697    1644 session_usage_observer.cc:520] unknown session
W1106 22:59:48.139402    1644 session_usage_observer.cc:520] unknown session
W1106 22:59:48.139501    1644 session_usage_observer.cc:520] unknown session
W1106 22:59:48.140280    1644 session_usage_observer.cc:520] unknown session
W1106 22:59:48.140336    1644 session_usage_observer.cc:520] unknown session
W1106 22:59:48.140982    1644 session_usage_observer.cc:520] unknown session
W1106 22:59:48.141071    1644 session_usage_observer.cc:520] unknown session
W1106 22:59:48.141692    1644 session_usage_observer.cc:520] unknown session
W1106 22:59:48.141742    1644 session_usage_observer.cc:520] unknown session
W1106 22:59:48.142404    1644 session_usage_observer.cc:520] unknown session
W1106 22:59:48.142452    1644 session_usage_observer.cc:520] unknown session
W1106 22:59:48.143119    1644 session_usage_observer.cc:520] unknown session
W1106 22:59:48.143165    1644 session_usage_observer.cc:520] unknown session
W1106 22:59:48.143884    1644 session_usage_observer.cc:520] unknown session
W1106 22:59:48.143936    1644 session_usage_observer.cc:520] unknown session
W1106 22:59:48.144648    1644 session_usage_observer.cc:520] unknown session
W1106 22:59:48.144696    1644 session_usage_observer.cc:520] unknown session
W1106 22:59:48.145343    1644 session_usage_observer.cc:520] unknown session
W1106 22:59:48.145388    1644 session_usage_observer.cc:520] unknown session
W1106 22:59:48.146017    1644 session_usage_observer.cc:520] unknown session
W1106 22:59:48.146064    1644 session_usage_observer.cc:520] unknown session
W1106 22:59:48.146752    1644 session_usage_observer.cc:520] unknown session
W1106 22:59:48.146805    1644 session_usage_observer.cc:520] unknown session
W1106 22:59:48.147436    1644 session_usage_observer.cc:520] unknown session
W1106 22:59:48.147494    1644 session_usage_observer.cc:520] unknown session
W1106 22:59:48.148199    1644 session_usage_observer.cc:520] unknown session
W1106 22:59:48.148247    1644 session_usage_observer.cc:520] unknown session
W1106 22:59:48.148867    1644 session_usage_observer.cc:520] unknown session
W1106 22:59:48.148912    1644 session_usage_observer.cc:520] unknown session
W1106 22:59:48.149515    1644 session_usage_observer.cc:520] unknown session
W1106 22:59:48.149560    1644 session_usage_observer.cc:520] unknown session
W1106 22:59:48.150225    1644 session_usage_observer.cc:520] unknown session
W1106 22:59:48.150271    1644 session_usage_observer.cc:520] unknown session
W1106 22:59:48.150916    1644 session_usage_observer.cc:520] unknown session
W1106 22:59:48.150959    1644 session_usage_observer.cc:520] unknown session
W1106 22:59:48.151570    1644 session_usage_observer.cc:520] unknown session
W1106 22:59:48.151610    1644 session_usage_observer.cc:520] unknown session
W1106 22:59:48.152110    1644 session_usage_observer.cc:520] unknown session
W1106 22:59:48.152157    1644 session_usage_observer.cc:520] unknown session
W1106 22:59:48.152680    1644 session_usage_observer.cc:520] unknown session
W1106 22:59:48.152789    1644 session_usage_observer.cc:520] unknown session
W1106 22:59:48.153568    1644 session_usage_observer.cc:520] unknown session
W1106 22:59:48.153613    1644 session_usage_observer.cc:520] unknown session
W1106 22:59:48.154206    1644 session_usage_observer.cc:520] unknown session
W1106 22:59:48.154256    1644 session_usage_observer.cc:520] unknown session
W1106 22:59:48.201371    1644 session_usage_observer.cc:520] unknown session
W1106 22:59:48.201488    1644 session_usage_observer.cc:520] unknown session
W1106 22:59:57.283077    1644 session_usage_observer.cc:520] unknown session
W1106 22:59:57.284020    1644 session_usage_observer.cc:520] unknown session
W1106 22:59:57.284368    1644 session_usage_observer.cc:520] unknown session
W1106 22:59:57.284804    1644 session_usage_observer.cc:520] unknown session
W1106 22:59:57.285628    1644 session_usage_observer.cc:520] unknown session
W1106 22:59:57.286173    1644 session_usage_observer.cc:520] unknown session
W1106 22:59:57.286391    1644 session_usage_observer.cc:520] unknown session
W1106 22:59:57.302121    1644 session_usage_observer.cc:520] unknown session
W1106 22:59:57.303498    1644 session_usage_observer.cc:520] unknown session
W1106 22:59:57.303670    1644 session_usage_observer.cc:520] unknown session
W1106 22:59:57.303835    1644 session_usage_observer.cc:520] unknown session
W1106 22:59:57.310587    1644 session_usage_observer.cc:520] unknown session
W1106 22:59:57.311861    1644 session_usage_observer.cc:520] unknown session
W1106 22:59:57.312127    1644 session_usage_observer.cc:520] unknown session
W1106 22:59:57.312306    1644 session_usage_observer.cc:520] unknown session
W1106 22:59:57.318060    1644 session_usage_observer.cc:520] unknown session
W1106 22:59:57.319232    1644 session_usage_observer.cc:520] unknown session
W1106 22:59:57.319411    1644 session_usage_observer.cc:520] unknown session
W1106 22:59:57.319899    1644 session_usage_observer.cc:520] unknown session
W1106 22:59:57.325634    1644 session_usage_observer.cc:520] unknown session
W1106 22:59:57.326790    1644 session_usage_observer.cc:520] unknown session
W1106 22:59:57.326947    1644 session_usage_observer.cc:520] unknown session
W1106 22:59:57.327093    1644 session_usage_observer.cc:520] unknown session
W1106 22:59:57.332552    1644 session_usage_observer.cc:520] unknown session
W1106 22:59:57.333678    1644 session_usage_observer.cc:520] unknown session
W1106 22:59:57.333826    1644 session_usage_observer.cc:520] unknown session
W1106 22:59:57.333960    1644 session_usage_observer.cc:520] unknown session
W1106 22:59:57.338872    1644 session_usage_observer.cc:520] unknown session
W1106 22:59:57.339421    1644 session_usage_observer.cc:520] unknown session
W1106 22:59:57.340010    1644 session_usage_observer.cc:520] unknown session
W1106 22:59:57.340223    1644 session_usage_observer.cc:520] unknown session
W1106 22:59:57.340503    1644 session_usage_observer.cc:520] unknown session
W1106 22:59:57.340741    1644 session_usage_observer.cc:520] unknown session
W1106 22:59:57.343893    1644 session_usage_observer.cc:520] unknown session
W1106 22:59:57.344017    1644 session_usage_observer.cc:520] unknown session
W1106 22:59:57.346888    1644 session_usage_observer.cc:520] unknown session
W1106 22:59:57.347093    1644 session_usage_observer.cc:520] unknown session
W1106 22:59:57.349432    1644 session_usage_observer.cc:520] unknown session
W1106 22:59:57.351571    1644 session_usage_observer.cc:520] unknown session
W1106 22:59:57.354030    1644 session_usage_observer.cc:520] unknown session
W1106 22:59:57.357111    1644 session_usage_observer.cc:520] unknown session
W1106 22:59:57.359695    1644 session_usage_observer.cc:520] unknown session
W1106 22:59:57.363179    1644 session_usage_observer.cc:520] unknown session
W1106 22:59:57.363405    1644 session_usage_observer.cc:520] unknown session
W1106 22:59:57.363661    1644 session_usage_observer.cc:520] unknown session
W1106 22:59:57.364313    1644 session_usage_observer.cc:520] unknown session
W1106 22:59:57.364519    1644 session_usage_observer.cc:520] unknown session
W1106 22:59:57.367349    1644 session_usage_observer.cc:520] unknown session
W1106 22:59:57.370641    1644 session_usage_observer.cc:520] unknown session
W1106 23:00:13.480626    1644 session_usage_observer.cc:520] unknown session
W1106 23:00:13.480679    1644 session_usage_observer.cc:520] unknown session
W1106 23:00:13.481162    1644 session_usage_observer.cc:520] unknown session
W1106 23:00:13.481204    1644 session_usage_observer.cc:520] unknown session
W1106 23:00:13.481638    1644 session_usage_observer.cc:520] unknown session
W1106 23:00:13.481680    1644 session_usage_observer.cc:520] unknown session
W1106 23:00:13.482122    1644 session_usage_observer.cc:520] unknown session
W1106 23:00:13.482165    1644 session_usage_observer.cc:520] unknown session
W1106 23:00:13.482610    1644 session_usage_observer.cc:520] unknown session
W1106 23:00:13.482652    1644 session_usage_observer.cc:520] unknown session
W1106 23:00:13.483093    1644 session_usage_observer.cc:520] unknown session
W1106 23:00:13.483135    1644 session_usage_observer.cc:520] unknown session
W1106 23:00:13.483577    1644 session_usage_observer.cc:520] unknown session
W1106 23:00:13.483618    1644 session_usage_observer.cc:520] unknown session
W1106 23:00:13.484063    1644 session_usage_observer.cc:520] unknown session
W1106 23:00:13.484106    1644 session_usage_observer.cc:520] unknown session
W1106 23:00:13.484585    1644 session_usage_observer.cc:520] unknown session
W1106 23:00:13.484628    1644 session_usage_observer.cc:520] unknown session
W1106 23:00:13.485084    1644 session_usage_observer.cc:520] unknown session
W1106 23:00:13.485126    1644 session_usage_observer.cc:520] unknown session
W1106 23:00:13.485574    1644 session_usage_observer.cc:520] unknown session
W1106 23:00:13.485617    1644 session_usage_observer.cc:520] unknown session
W1106 23:00:13.486118    1644 session_usage_observer.cc:520] unknown session
W1106 23:00:13.486161    1644 session_usage_observer.cc:520] unknown session
W1106 23:00:13.486608    1644 session_usage_observer.cc:520] unknown session
W1106 23:00:13.486649    1644 session_usage_observer.cc:520] unknown session
W1106 23:00:13.487096    1644 session_usage_observer.cc:520] unknown session
W1106 23:00:13.487138    1644 session_usage_observer.cc:520] unknown session
W1106 23:00:13.487605    1644 session_usage_observer.cc:520] unknown session
W1106 23:00:13.487650    1644 session_usage_observer.cc:520] unknown session
W1106 23:00:13.488096    1644 session_usage_observer.cc:520] unknown session
W1106 23:00:13.488139    1644 session_usage_observer.cc:520] unknown session
W1106 23:00:13.488605    1644 session_usage_observer.cc:520] unknown session
W1106 23:00:13.488654    1644 session_usage_observer.cc:520] unknown session
W1106 23:00:13.489119    1644 session_usage_observer.cc:520] unknown session
W1106 23:00:13.489165    1644 session_usage_observer.cc:520] unknown session
W1106 23:00:13.489704    1644 session_usage_observer.cc:520] unknown session
W1106 23:00:13.489755    1644 session_usage_observer.cc:520] unknown session
W1106 23:00:13.490275    1644 session_usage_observer.cc:520] unknown session
W1106 23:00:13.490325    1644 session_usage_observer.cc:520] unknown session
W1106 23:00:13.490864    1644 session_usage_observer.cc:520] unknown session
W1106 23:00:13.490912    1644 session_usage_observer.cc:520] unknown session
W1106 23:00:13.491402    1644 session_usage_observer.cc:520] unknown session
W1106 23:00:13.491451    1644 session_usage_observer.cc:520] unknown session
W1106 23:00:13.491912    1644 session_usage_observer.cc:520] unknown session
W1106 23:00:13.491954    1644 session_usage_observer.cc:520] unknown session
W1106 23:00:13.492396    1644 session_usage_observer.cc:520] unknown session
W1106 23:00:13.492450    1644 session_usage_observer.cc:520] unknown session
W1106 23:00:13.492894    1644 session_usage_observer.cc:520] unknown session
W1106 23:00:13.492937    1644 session_usage_observer.cc:520] unknown session
W1106 23:00:13.493381    1644 session_usage_observer.cc:520] unknown session
W1106 23:00:13.493422    1644 session_usage_observer.cc:520] unknown session
W1106 23:00:13.493872    1644 session_usage_observer.cc:520] unknown session
W1106 23:00:13.493914    1644 session_usage_observer.cc:520] unknown session
W1106 23:00:13.494379    1644 session_usage_observer.cc:520] unknown session
W1106 23:00:13.494420    1644 session_usage_observer.cc:520] unknown session
W1106 23:00:13.494865    1644 session_usage_observer.cc:520] unknown session
W1106 23:00:13.494907    1644 session_usage_observer.cc:520] unknown session
W1106 23:00:13.495347    1644 session_usage_observer.cc:520] unknown session
W1106 23:00:13.495389    1644 session_usage_observer.cc:520] unknown session
W1106 23:00:13.495829    1644 session_usage_observer.cc:520] unknown session
W1106 23:00:13.495868    1644 session_usage_observer.cc:520] unknown session
W1106 23:00:13.496473    1644 session_usage_observer.cc:520] unknown session
W1106 23:00:13.496548    1644 session_usage_observer.cc:520] unknown session
W1106 23:00:13.497171    1644 session_usage_observer.cc:520] unknown session
W1106 23:00:13.497216    1644 session_usage_observer.cc:520] unknown session
W1106 23:00:13.498157    1644 session_usage_observer.cc:520] unknown session
W1106 23:00:13.498216    1644 session_usage_observer.cc:520] unknown session
W1106 23:00:13.498771    1644 session_usage_observer.cc:520] unknown session
W1106 23:00:13.498814    1644 session_usage_observer.cc:520] unknown session
W1106 23:00:13.499279    1644 session_usage_observer.cc:520] unknown session
W1106 23:00:13.499318    1644 session_usage_observer.cc:520] unknown session
W1106 23:00:13.499820    1644 session_usage_observer.cc:520] unknown session
W1106 23:00:13.499861    1644 session_usage_observer.cc:520] unknown session
W1106 23:00:13.500430    1644 session_usage_observer.cc:520] unknown session
W1106 23:00:13.500485    1644 session_usage_observer.cc:520] unknown session
W1106 23:00:13.500957    1644 session_usage_observer.cc:520] unknown session
W1106 23:00:13.501002    1644 session_usage_observer.cc:520] unknown session
W1106 23:00:13.501533    1644 session_usage_observer.cc:520] unknown session
W1106 23:00:13.501576    1644 session_usage_observer.cc:520] unknown session
W1106 23:00:13.501991    1644 session_usage_observer.cc:520] unknown session
W1106 23:00:13.502036    1644 session_usage_observer.cc:520] unknown session
W1106 23:00:13.502525    1644 session_usage_observer.cc:520] unknown session
W1106 23:00:13.502586    1644 session_usage_observer.cc:520] unknown session
W1106 23:00:13.503077    1644 session_usage_observer.cc:520] unknown session
W1106 23:00:13.503125    1644 session_usage_observer.cc:520] unknown session
W1106 23:00:13.503580    1644 session_usage_observer.cc:520] unknown session
W1106 23:00:13.503634    1644 session_usage_observer.cc:520] unknown session
W1106 23:00:13.504114    1644 session_usage_observer.cc:520] unknown session
W1106 23:00:13.504172    1644 session_usage_observer.cc:520] unknown session
W1106 23:00:13.504568    1644 session_usage_observer.cc:520] unknown session
W1106 23:00:13.504604    1644 session_usage_observer.cc:520] unknown session
W1106 23:00:13.505267    1644 session_usage_observer.cc:520] unknown session
W1106 23:00:13.505309    1644 session_usage_observer.cc:520] unknown session
W1106 23:00:13.505707    1644 session_usage_observer.cc:520] unknown session
W1106 23:00:13.505747    1644 session_usage_observer.cc:520] unknown session
W1106 23:00:13.546302    1644 session_usage_observer.cc:520] unknown session
W1106 23:00:13.546359    1644 session_usage_observer.cc:520] unknown session
W1106 23:00:26.733912    1644 session_usage_observer.cc:520] unknown session
W1106 23:00:26.734825    1644 session_usage_observer.cc:520] unknown session
W1106 23:00:26.735174    1644 session_usage_observer.cc:520] unknown session
W1106 23:00:26.735495    1644 session_usage_observer.cc:520] unknown session
W1106 23:00:26.736261    1644 session_usage_observer.cc:520] unknown session
W1106 23:00:26.736539    1644 session_usage_observer.cc:520] unknown session
W1106 23:00:26.736820    1644 session_usage_observer.cc:520] unknown session
W1106 23:00:26.751460    1644 session_usage_observer.cc:520] unknown session
W1106 23:00:26.752567    1644 session_usage_observer.cc:520] unknown session
W1106 23:00:26.752730    1644 session_usage_observer.cc:520] unknown session
W1106 23:00:26.752931    1644 session_usage_observer.cc:520] unknown session
W1106 23:00:26.759022    1644 session_usage_observer.cc:520] unknown session
W1106 23:00:26.760453    1644 session_usage_observer.cc:520] unknown session
W1106 23:00:26.760640    1644 session_usage_observer.cc:520] unknown session
W1106 23:00:26.760810    1644 session_usage_observer.cc:520] unknown session
W1106 23:00:26.766290    1644 session_usage_observer.cc:520] unknown session
W1106 23:00:26.767853    1644 session_usage_observer.cc:520] unknown session
W1106 23:00:26.768035    1644 session_usage_observer.cc:520] unknown session
W1106 23:00:26.768200    1644 session_usage_observer.cc:520] unknown session
W1106 23:00:26.773722    1644 session_usage_observer.cc:520] unknown session
W1106 23:00:26.775395    1644 session_usage_observer.cc:520] unknown session
W1106 23:00:26.775622    1644 session_usage_observer.cc:520] unknown session
W1106 23:00:26.775743    1644 session_usage_observer.cc:520] unknown session
W1106 23:00:26.781261    1644 session_usage_observer.cc:520] unknown session
W1106 23:00:26.782332    1644 session_usage_observer.cc:520] unknown session
W1106 23:00:26.782491    1644 session_usage_observer.cc:520] unknown session
W1106 23:00:26.782639    1644 session_usage_observer.cc:520] unknown session
W1106 23:00:26.787795    1644 session_usage_observer.cc:520] unknown session
W1106 23:00:26.788100    1644 session_usage_observer.cc:520] unknown session
W1106 23:00:26.788628    1644 session_usage_observer.cc:520] unknown session
W1106 23:00:26.788868    1644 session_usage_observer.cc:520] unknown session
W1106 23:00:26.789006    1644 session_usage_observer.cc:520] unknown session
W1106 23:00:26.789353    1644 session_usage_observer.cc:520] unknown session
W1106 23:00:26.793161    1644 session_usage_observer.cc:520] unknown session
W1106 23:00:26.793325    1644 session_usage_observer.cc:520] unknown session
W1106 23:00:26.796108    1644 session_usage_observer.cc:520] unknown session
W1106 23:00:26.796398    1644 session_usage_observer.cc:520] unknown session
W1106 23:00:26.798842    1644 session_usage_observer.cc:520] unknown session
W1106 23:00:26.801009    1644 session_usage_observer.cc:520] unknown session
W1106 23:00:26.803295    1644 session_usage_observer.cc:520] unknown session
W1106 23:00:26.805473    1644 session_usage_observer.cc:520] unknown session
W1106 23:00:26.807869    1644 session_usage_observer.cc:520] unknown session
W1106 23:00:26.811150    1644 session_usage_observer.cc:520] unknown session
W1106 23:00:26.811335    1644 session_usage_observer.cc:520] unknown session
W1106 23:00:26.811703    1644 session_usage_observer.cc:520] unknown session
W1106 23:00:26.812240    1644 session_usage_observer.cc:520] unknown session
W1106 23:00:26.812450    1644 session_usage_observer.cc:520] unknown session
W1106 23:00:26.815551    1644 session_usage_observer.cc:520] unknown session
W1106 23:00:26.819915    1644 session_usage_observer.cc:520] unknown session
W1106 23:02:48.033950    1644 session_handler.cc:450] SessionID 4215845905283702557 is not available
W1106 23:11:18.961309    1644 session_handler.cc:450] SessionID 882449158067213455 is not available
W1106 23:44:04.991224    1644 session_handler.cc:698] cannot find SessionID 5732971091939735451
W1106 23:44:05.538901    1644 session_handler.cc:698] cannot find SessionID 7248376390584502134
W1106 23:44:05.539663    1644 session_handler.cc:698] cannot find SessionID 4612988589722447937
W1106 23:44:05.540207    1644 session_handler.cc:698] cannot find SessionID 8172356137493588814
W1106 23:44:05.541202    1644 session_handler.cc:698] cannot find SessionID 2753374266296815898
W1106 23:44:05.541976    1644 session_handler.cc:698] cannot find SessionID 4637658605031257435
W1106 23:44:05.542457    1644 session_handler.cc:698] cannot find SessionID 33320512537662133
W1106 23:44:05.543073    1644 session_handler.cc:698] cannot find SessionID 12705411072335785277
W1106 23:44:05.543494    1644 session_handler.cc:698] cannot find SessionID 140335545230146658
W1106 23:44:05.543728    1644 session_handler.cc:698] cannot find SessionID 13554958400944031049
W1106 23:44:05.544037    1644 session_handler.cc:698] cannot find SessionID 11348881042177574365
W1106 23:44:05.544301    1644 session_handler.cc:698] cannot find SessionID 5769387055710375822
W1106 23:44:05.544508    1644 session_handler.cc:698] cannot find SessionID 5618763164688899402
W1106 23:44:05.544718    1644 session_handler.cc:698] cannot find SessionID 10694861284662193400
W1106 23:44:05.544909    1644 session_handler.cc:698] cannot find SessionID 12509701415177132816
W1106 23:44:05.545298    1644 session_handler.cc:698] cannot find SessionID 9911000647752495362
W1106 23:44:05.546004    1644 session_handler.cc:698] cannot find SessionID 15420592651601932240
W1106 23:44:05.546442    1644 session_handler.cc:698] cannot find SessionID 11031728572152980728
W1106 23:44:05.546866    1644 session_handler.cc:698] cannot find SessionID 17877593028458563835
W1106 23:44:05.547307    1644 session_handler.cc:698] cannot find SessionID 15101233963863970148
W1106 23:44:05.547636    1644 session_handler.cc:698] cannot find SessionID 16865691339812851654
W1106 23:44:05.547837    1644 session_handler.cc:698] cannot find SessionID 17135310897415735601
W1106 23:44:05.548026    1644 session_handler.cc:698] cannot find SessionID 2187285859619443214
W1106 23:44:05.548206    1644 session_handler.cc:698] cannot find SessionID 6781682027964298589
W1106 23:44:05.548514    1644 session_handler.cc:698] cannot find SessionID 26823387773136461
W1106 23:44:05.548870    1644 session_handler.cc:698] cannot find SessionID 1902696951066786036
W1106 23:44:05.549145    1644 session_handler.cc:698] cannot find SessionID 2340256150728471030
W1106 23:44:05.549401    1644 session_handler.cc:698] cannot find SessionID 11278452280020634728
W1106 23:44:05.549774    1644 session_handler.cc:698] cannot find SessionID 4900470070709211608
W1106 23:44:05.550023    1644 session_handler.cc:698] cannot find SessionID 11755122094959831160
W1106 23:44:05.550354    1644 session_handler.cc:698] cannot find SessionID 11711996324511005833
W1106 23:44:05.550538    1644 session_handler.cc:698] cannot find SessionID 1403056220161874922
W1106 23:44:05.551120    1644 session_handler.cc:698] cannot find SessionID 9096869008603745625
W1106 23:44:05.551476    1644 session_handler.cc:698] cannot find SessionID 16215394094433224607
W1106 23:44:05.551855    1644 session_handler.cc:698] cannot find SessionID 13733047968777643850
W1106 23:44:05.552249    1644 session_handler.cc:698] cannot find SessionID 2029296439612508789
W1106 23:44:05.552726    1644 session_handler.cc:698] cannot find SessionID 6933329380548778975
W1106 23:44:05.553224    1644 session_handler.cc:698] cannot find SessionID 5889015551355249103
W1106 23:44:05.553419    1644 session_handler.cc:698] cannot find SessionID 1378934162412962493
W1106 23:44:05.553594    1644 session_handler.cc:698] cannot find SessionID 3486357329820339827
W1106 23:44:05.553756    1644 session_handler.cc:698] cannot find SessionID 6560112968496021284
W1106 23:44:05.554011    1644 session_handler.cc:698] cannot find SessionID 4457903330457314468
W1106 23:44:05.554217    1644 session_handler.cc:698] cannot find SessionID 17058893846119024755
W1106 23:44:05.554416    1644 session_handler.cc:698] cannot find SessionID 4887957933222862837
W1107 09:54:10.466434    1644 session_handler.cc:579] server went to suspend mode for 9h7m16.585738714s
W1107 10:35:55.503247    1644 session_handler.cc:579] server went to suspend mode for 23m44.986811825s
W1107 12:30:59.726819    1644 session_handler.cc:450] SessionID 7473446427634278503 is not available
W1107 12:31:14.619594    1644 session_handler.cc:698] cannot find SessionID 709657393617074919
W1107 12:31:14.620587    1644 session_handler.cc:698] cannot find SessionID 15448338202571564674
W1107 12:31:14.621247    1644 session_handler.cc:698] cannot find SessionID 2124078845394323496
W1107 12:31:14.621536    1644 session_handler.cc:698] cannot find SessionID 12558430968663157885
W1107 12:31:14.626474    1644 session_handler.cc:698] cannot find SessionID 14109941019339115313
W1107 12:31:14.628802    1644 session_handler.cc:698] cannot find SessionID 1041506242465616204
W1107 12:31:14.644450    1644 session_handler.cc:698] cannot find SessionID 12601094685033870037
W1107 12:34:31.266907    1644 session_handler.cc:579] server went to suspend mode for 1h18m56.440914743s
W1107 12:56:52.633054    1644 session_usage_observer.cc:520] unknown session
W1107 12:56:52.633137    1644 session_usage_observer.cc:520] unknown session
W1107 12:56:52.634057    1644 session_usage_observer.cc:520] unknown session
W1107 12:56:52.634114    1644 session_usage_observer.cc:520] unknown session
W1107 12:56:52.635222    1644 session_usage_observer.cc:520] unknown session
W1107 12:56:52.635276    1644 session_usage_observer.cc:520] unknown session
W1107 12:56:52.636557    1644 session_usage_observer.cc:520] unknown session
W1107 12:56:52.636618    1644 session_usage_observer.cc:520] unknown session
W1107 12:56:52.637546    1644 session_usage_observer.cc:520] unknown session
W1107 12:56:52.637604    1644 session_usage_observer.cc:520] unknown session
W1107 12:56:52.670523    1644 session_usage_observer.cc:520] unknown session
W1107 12:56:52.670603    1644 session_usage_observer.cc:520] unknown session
W1107 12:57:17.609553    1644 session_usage_observer.cc:520] unknown session
W1107 12:57:17.609652    1644 session_usage_observer.cc:520] unknown session
W1107 12:57:18.930253    1644 session_usage_observer.cc:520] unknown session
W1107 12:57:19.067867    1644 session_usage_observer.cc:520] unknown session
W1107 12:57:19.067982    1644 session_usage_observer.cc:520] unknown session
W1107 12:58:33.629079    1644 session_usage_observer.cc:520] unknown session
W1107 12:58:33.629338    1644 session_usage_observer.cc:520] unknown session
W1107 12:58:33.629863    1644 session_usage_observer.cc:520] unknown session
W1107 12:58:33.630066    1644 session_usage_observer.cc:520] unknown session
W1107 12:58:33.632439    1644 session_usage_observer.cc:520] unknown session
W1107 12:58:33.635575    1644 session_usage_observer.cc:520] unknown session
W1107 13:03:27.644970    1644 session_usage_observer.cc:520] unknown session
W1107 15:00:34.953476    1644 session_handler.cc:450] SessionID 11085872627570900516 is not available
W1107 15:10:33.155304    1644 session_handler.cc:698] cannot find SessionID 10282776866859079022
W1107 15:10:33.161907    1644 session_handler.cc:698] cannot find SessionID 6105609091392922872
W1107 15:10:33.171625    1644 session_handler.cc:698] cannot find SessionID 5405969492136996404
W1107 15:10:33.172525    1644 session_handler.cc:698] cannot find SessionID 5645792285686745125
W1107 15:10:33.194567    1644 session_handler.cc:698] cannot find SessionID 13973243719260639738
W1107 15:10:33.195457    1644 session_handler.cc:698] cannot find SessionID 12745026526376936332
W1107 15:10:33.213038    1644 session_handler.cc:698] cannot find SessionID 3640208558734540795
W1107 15:14:32.826370    1644 session_handler.cc:698] cannot find SessionID 11258997691968411315
W1107 18:15:55.689737    1644 session_handler.cc:579] server went to suspend mode for 1h39m26.420645815s
W1108 14:05:42.323043    1644 session_handler.cc:579] server went to suspend mode for 18h55m7.333184692s
I1108 14:17:42.334196 1223075 user_history_predictor.cc:265] 5 old entries were removed before save
I1108 14:20:42.334313 1223668 user_history_predictor.cc:265] 2 old entries were removed before save
I1108 14:23:42.335211 1224211 user_history_predictor.cc:265] 1 old entries were removed before save
I1108 14:26:42.336202 1224765 user_history_predictor.cc:265] 6 old entries were removed before save
I1108 14:29:42.337174 1225375 user_history_predictor.cc:265] 1 old entries were removed before save
I1108 14:35:42.339201 1226648 user_history_predictor.cc:265] 5 old entries were removed before save
I1108 15:21:21.368894 1234019 user_history_predictor.cc:265] 7 old entries were removed before save
W1108 15:24:48.478164    1644 session_handler.cc:698] cannot find SessionID 14751869157631257322
W1108 15:24:48.504125    1644 session_handler.cc:698] cannot find SessionID 6797246861720667671
W1108 15:24:48.505736    1644 session_handler.cc:698] cannot find SessionID 642507948404716562
W1108 15:25:28.684687    1644 session_usage_observer.cc:520] unknown session
W1108 15:25:28.684895    1644 session_usage_observer.cc:520] unknown session
W1108 15:25:28.686434    1644 session_usage_observer.cc:520] unknown session
W1108 15:25:28.686522    1644 session_usage_observer.cc:520] unknown session
W1108 15:25:28.687557    1644 session_usage_observer.cc:520] unknown session
W1108 15:25:28.687606    1644 session_usage_observer.cc:520] unknown session
W1108 15:25:28.689601    1644 session_usage_observer.cc:520] unknown session
